The system is: Linux - 4.14.98-v7+ - armv7l
Compiling the C compiler identification source file "CMakeCCompilerId.c" succeeded.
Compiler: /usr/bin/cc 
Build flags: 
Id flags: 

The output was:
0


Compilation of the C compiler identification source "CMakeCCompilerId.c" produced "a.out"

The C compiler identification is GNU, found in "/tmp/tmp.n6jBnPQEUa/cmake-build-release-pi2/CMakeFiles/3.7.2/CompilerIdC/a.out"

Compiling the CXX compiler identification source file "CMakeCXXCompilerId.cpp" succeeded.
Compiler: /usr/bin/c++ 
Build flags: 
Id flags: 

The output was:
0


Compilation of the CXX compiler identification source "CMakeCXXCompilerId.cpp" produced "a.out"

The CXX compiler identification is GNU, found in "/tmp/tmp.n6jBnPQEUa/cmake-build-release-pi2/CMakeFiles/3.7.2/CompilerIdCXX/a.out"

Determining if the C compiler works passed with the following output:
Change Dir: /tmp/tmp.n6jBnPQEUa/cmake-build-release-pi2/CMakeFiles/CMakeTmp

Run Build Command:"/usr/bin/make" "cmTC_2ee35/fast"
/usr/bin/make -f CMakeFiles/cmTC_2ee35.dir/build.make CMakeFiles/cmTC_2ee35.dir/build
make[1]: Entering directory '/tmp/tmp.n6jBnPQEUa/cmake-build-release-pi2/CMakeFiles/CMakeTmp'
Building C object CMakeFiles/cmTC_2ee35.dir/testCCompiler.c.o
/usr/bin/cc     -o CMakeFiles/cmTC_2ee35.dir/testCCompiler.c.o   -c /tmp/tmp.n6jBnPQEUa/cmake-build-release-pi2/CMakeFiles/CMakeTmp/testCCompiler.c
Linking C executable cmTC_2ee35
/usr/bin/cmake -E cmake_link_script CMakeFiles/cmTC_2ee35.dir/link.txt --verbose=1
/usr/bin/cc       CMakeFiles/cmTC_2ee35.dir/testCCompiler.c.o  -o cmTC_2ee35 -rdynamic 
make[1]: Leaving directory '/tmp/tmp.n6jBnPQEUa/cmake-build-release-pi2/CMakeFiles/CMakeTmp'


Detecting C compiler ABI info compiled with the following output:
Change Dir: /tmp/tmp.n6jBnPQEUa/cmake-build-release-pi2/CMakeFiles/CMakeTmp

Run Build Command:"/usr/bin/make" "cmTC_e4592/fast"
/usr/bin/make -f CMakeFiles/cmTC_e4592.dir/build.make CMakeFiles/cmTC_e4592.dir/build
make[1]: Entering directory '/tmp/tmp.n6jBnPQEUa/cmake-build-release-pi2/CMakeFiles/CMakeTmp'
Building C object CMakeFiles/cmTC_e4592.dir/CMakeCCompilerABI.c.o
/usr/bin/cc     -o CMakeFiles/cmTC_e4592.dir/CMakeCCompilerABI.c.o   -c /usr/share/cmake-3.7/Modules/CMakeCCompilerABI.c
Linking C executable cmTC_e4592
/usr/bin/cmake -E cmake_link_script CMakeFiles/cmTC_e4592.dir/link.txt --verbose=1
/usr/bin/cc      -v CMakeFiles/cmTC_e4592.dir/CMakeCCompilerABI.c.o  -o cmTC_e4592 -rdynamic  
Using built-in specs.
COLLECT_GCC=/usr/bin/cc
COLLECT_LTO_WRAPPER=/usr/local/gcc-8.1.0/libexec/gcc/arm-linux-gnueabihf/8.1.0/lto-wrapper
Target: arm-linux-gnueabihf
Configured with: ../gcc-8.1.0/configure -v --enable-languages=c,c++ --prefix=/usr/local/gcc-8.1.0 --program-suffix=-8.1.0 --with-arch=armv6 --with-fpu=vfp --with-float=hard --build=arm-linux-gnueabihf --host=arm-linux-gnueabihf --target=arm-linux-gnueabihf
Thread model: posix
gcc version 8.1.0 (GCC) 
COMPILER_PATH=/usr/local/gcc-8.1.0/libexec/gcc/arm-linux-gnueabihf/8.1.0/:/usr/local/gcc-8.1.0/libexec/gcc/arm-linux-gnueabihf/8.1.0/:/usr/local/gcc-8.1.0/libexec/gcc/arm-linux-gnueabihf/:/usr/local/gcc-8.1.0/lib/gcc/arm-linux-gnueabihf/8.1.0/:/usr/local/gcc-8.1.0/lib/gcc/arm-linux-gnueabihf/
LIBRARY_PATH=/usr/local/gcc-8.1.0/lib/gcc/arm-linux-gnueabihf/8.1.0/:/usr/local/gcc-8.1.0/lib/gcc/arm-linux-gnueabihf/8.1.0/../../../:/lib/arm-linux-gnueabihf/:/lib/:/usr/lib/arm-linux-gnueabihf/:/usr/lib/
COLLECT_GCC_OPTIONS='-v' '-o' 'cmTC_e4592' '-rdynamic'  '-mfloat-abi=hard' '-mfpu=vfp' '-mtls-dialect=gnu' '-marm' '-march=armv6+fp'
 /usr/local/gcc-8.1.0/libexec/gcc/arm-linux-gnueabihf/8.1.0/collect2 -plugin /usr/local/gcc-8.1.0/libexec/gcc/arm-linux-gnueabihf/8.1.0/liblto_plugin.so -plugin-opt=/usr/local/gcc-8.1.0/libexec/gcc/arm-linux-gnueabihf/8.1.0/lto-wrapper -plugin-opt=-fresolution=/tmp/ccL08y9g.res -plugin-opt=-pass-through=-lgcc -plugin-opt=-pass-through=-lgcc_s -plugin-opt=-pass-through=-lc -plugin-opt=-pass-through=-lgcc -plugin-opt=-pass-through=-lgcc_s --eh-frame-hdr -export-dynamic -dynamic-linker /lib/ld-linux-armhf.so.3 -X -m armelf_linux_eabi -o cmTC_e4592 /usr/lib/arm-linux-gnueabihf/crt1.o /usr/lib/arm-linux-gnueabihf/crti.o /usr/local/gcc-8.1.0/lib/gcc/arm-linux-gnueabihf/8.1.0/crtbegin.o -L/usr/local/gcc-8.1.0/lib/gcc/arm-linux-gnueabihf/8.1.0 -L/usr/local/gcc-8.1.0/lib/gcc/arm-linux-gnueabihf/8.1.0/../../.. -L/lib/arm-linux-gnueabihf -L/usr/lib/arm-linux-gnueabihf CMakeFiles/cmTC_e4592.dir/CMakeCCompilerABI.c.o -lgcc --as-needed -lgcc_s --no-as-needed -lc -lgcc --as-needed -lgcc_s --no-as-needed /usr/local/gcc-8.1.0/lib/gcc/arm-linux-gnueabihf/8.1.0/crtend.o /usr/lib/arm-linux-gnueabihf/crtn.o
COLLECT_GCC_OPTIONS='-v' '-o' 'cmTC_e4592' '-rdynamic'  '-mfloat-abi=hard' '-mfpu=vfp' '-mtls-dialect=gnu' '-marm' '-march=armv6+fp'
make[1]: Leaving directory '/tmp/tmp.n6jBnPQEUa/cmake-build-release-pi2/CMakeFiles/CMakeTmp'


Parsed C implicit link information from above output:
  link line regex: [^( *|.*[/\])(ld|([^/\]+-)?ld|collect2)[^/\]*( |$)]
  ignore line: [Change Dir: /tmp/tmp.n6jBnPQEUa/cmake-build-release-pi2/CMakeFiles/CMakeTmp]
  ignore line: []
  ignore line: [Run Build Command:"/usr/bin/make" "cmTC_e4592/fast"]
  ignore line: [/usr/bin/make -f CMakeFiles/cmTC_e4592.dir/build.make CMakeFiles/cmTC_e4592.dir/build]
  ignore line: [make[1]: Entering directory '/tmp/tmp.n6jBnPQEUa/cmake-build-release-pi2/CMakeFiles/CMakeTmp']
  ignore line: [Building C object CMakeFiles/cmTC_e4592.dir/CMakeCCompilerABI.c.o]
  ignore line: [/usr/bin/cc     -o CMakeFiles/cmTC_e4592.dir/CMakeCCompilerABI.c.o   -c /usr/share/cmake-3.7/Modules/CMakeCCompilerABI.c]
  ignore line: [Linking C executable cmTC_e4592]
  ignore line: [/usr/bin/cmake -E cmake_link_script CMakeFiles/cmTC_e4592.dir/link.txt --verbose=1]
  ignore line: [/usr/bin/cc      -v CMakeFiles/cmTC_e4592.dir/CMakeCCompilerABI.c.o  -o cmTC_e4592 -rdynamic  ]
  ignore line: [Using built-in specs.]
  ignore line: [COLLECT_GCC=/usr/bin/cc]
  ignore line: [COLLECT_LTO_WRAPPER=/usr/local/gcc-8.1.0/libexec/gcc/arm-linux-gnueabihf/8.1.0/lto-wrapper]
  ignore line: [Target: arm-linux-gnueabihf]
  ignore line: [Configured with: ../gcc-8.1.0/configure -v --enable-languages=c,c++ --prefix=/usr/local/gcc-8.1.0 --program-suffix=-8.1.0 --with-arch=armv6 --with-fpu=vfp --with-float=hard --build=arm-linux-gnueabihf --host=arm-linux-gnueabihf --target=arm-linux-gnueabihf]
  ignore line: [Thread model: posix]
  ignore line: [gcc version 8.1.0 (GCC) ]
  ignore line: [COMPILER_PATH=/usr/local/gcc-8.1.0/libexec/gcc/arm-linux-gnueabihf/8.1.0/:/usr/local/gcc-8.1.0/libexec/gcc/arm-linux-gnueabihf/8.1.0/:/usr/local/gcc-8.1.0/libexec/gcc/arm-linux-gnueabihf/:/usr/local/gcc-8.1.0/lib/gcc/arm-linux-gnueabihf/8.1.0/:/usr/local/gcc-8.1.0/lib/gcc/arm-linux-gnueabihf/]
  ignore line: [LIBRARY_PATH=/usr/local/gcc-8.1.0/lib/gcc/arm-linux-gnueabihf/8.1.0/:/usr/local/gcc-8.1.0/lib/gcc/arm-linux-gnueabihf/8.1.0/../../../:/lib/arm-linux-gnueabihf/:/lib/:/usr/lib/arm-linux-gnueabihf/:/usr/lib/]
  ignore line: [COLLECT_GCC_OPTIONS='-v' '-o' 'cmTC_e4592' '-rdynamic'  '-mfloat-abi=hard' '-mfpu=vfp' '-mtls-dialect=gnu' '-marm' '-march=armv6+fp']
  link line: [ /usr/local/gcc-8.1.0/libexec/gcc/arm-linux-gnueabihf/8.1.0/collect2 -plugin /usr/local/gcc-8.1.0/libexec/gcc/arm-linux-gnueabihf/8.1.0/liblto_plugin.so -plugin-opt=/usr/local/gcc-8.1.0/libexec/gcc/arm-linux-gnueabihf/8.1.0/lto-wrapper -plugin-opt=-fresolution=/tmp/ccL08y9g.res -plugin-opt=-pass-through=-lgcc -plugin-opt=-pass-through=-lgcc_s -plugin-opt=-pass-through=-lc -plugin-opt=-pass-through=-lgcc -plugin-opt=-pass-through=-lgcc_s --eh-frame-hdr -export-dynamic -dynamic-linker /lib/ld-linux-armhf.so.3 -X -m armelf_linux_eabi -o cmTC_e4592 /usr/lib/arm-linux-gnueabihf/crt1.o /usr/lib/arm-linux-gnueabihf/crti.o /usr/local/gcc-8.1.0/lib/gcc/arm-linux-gnueabihf/8.1.0/crtbegin.o -L/usr/local/gcc-8.1.0/lib/gcc/arm-linux-gnueabihf/8.1.0 -L/usr/local/gcc-8.1.0/lib/gcc/arm-linux-gnueabihf/8.1.0/../../.. -L/lib/arm-linux-gnueabihf -L/usr/lib/arm-linux-gnueabihf CMakeFiles/cmTC_e4592.dir/CMakeCCompilerABI.c.o -lgcc --as-needed -lgcc_s --no-as-needed -lc -lgcc --as-needed -lgcc_s --no-as-needed /usr/local/gcc-8.1.0/lib/gcc/arm-linux-gnueabihf/8.1.0/crtend.o /usr/lib/arm-linux-gnueabihf/crtn.o]
    arg [/usr/local/gcc-8.1.0/libexec/gcc/arm-linux-gnueabihf/8.1.0/collect2] ==> ignore
    arg [-plugin] ==> ignore
    arg [/usr/local/gcc-8.1.0/libexec/gcc/arm-linux-gnueabihf/8.1.0/liblto_plugin.so] ==> ignore
    arg [-plugin-opt=/usr/local/gcc-8.1.0/libexec/gcc/arm-linux-gnueabihf/8.1.0/lto-wrapper] ==> ignore
    arg [-plugin-opt=-fresolution=/tmp/ccL08y9g.res] ==> ignore
    arg [-plugin-opt=-pass-through=-lgcc] ==> ignore
    arg [-plugin-opt=-pass-through=-lgcc_s] ==> ignore
    arg [-plugin-opt=-pass-through=-lc] ==> ignore
    arg [-plugin-opt=-pass-through=-lgcc] ==> ignore
    arg [-plugin-opt=-pass-through=-lgcc_s] ==> ignore
    arg [--eh-frame-hdr] ==> ignore
    arg [-export-dynamic] ==> ignore
    arg [-dynamic-linker] ==> ignore
    arg [/lib/ld-linux-armhf.so.3] ==> ignore
    arg [-X] ==> ignore
    arg [-m] ==> ignore
    arg [armelf_linux_eabi] ==> ignore
    arg [-o] ==> ignore
    arg [cmTC_e4592] ==> ignore
    arg [/usr/lib/arm-linux-gnueabihf/crt1.o] ==> ignore
    arg [/usr/lib/arm-linux-gnueabihf/crti.o] ==> ignore
    arg [/usr/local/gcc-8.1.0/lib/gcc/arm-linux-gnueabihf/8.1.0/crtbegin.o] ==> ignore
    arg [-L/usr/local/gcc-8.1.0/lib/gcc/arm-linux-gnueabihf/8.1.0] ==> dir [/usr/local/gcc-8.1.0/lib/gcc/arm-linux-gnueabihf/8.1.0]
    arg [-L/usr/local/gcc-8.1.0/lib/gcc/arm-linux-gnueabihf/8.1.0/../../..] ==> dir [/usr/local/gcc-8.1.0/lib/gcc/arm-linux-gnueabihf/8.1.0/../../..]
    arg [-L/lib/arm-linux-gnueabihf] ==> dir [/lib/arm-linux-gnueabihf]
    arg [-L/usr/lib/arm-linux-gnueabihf] ==> dir [/usr/lib/arm-linux-gnueabihf]
    arg [CMakeFiles/cmTC_e4592.dir/CMakeCCompilerABI.c.o] ==> ignore
    arg [-lgcc] ==> lib [gcc]
    arg [--as-needed] ==> ignore
    arg [-lgcc_s] ==> lib [gcc_s]
    arg [--no-as-needed] ==> ignore
    arg [-lc] ==> lib [c]
    arg [-lgcc] ==> lib [gcc]
    arg [--as-needed] ==> ignore
    arg [-lgcc_s] ==> lib [gcc_s]
    arg [--no-as-needed] ==> ignore
    arg [/usr/local/gcc-8.1.0/lib/gcc/arm-linux-gnueabihf/8.1.0/crtend.o] ==> ignore
    arg [/usr/lib/arm-linux-gnueabihf/crtn.o] ==> ignore
  remove lib [gcc]
  remove lib [gcc_s]
  remove lib [gcc]
  remove lib [gcc_s]
  collapse library dir [/usr/local/gcc-8.1.0/lib/gcc/arm-linux-gnueabihf/8.1.0] ==> [/usr/local/gcc-8.1.0/lib/gcc/arm-linux-gnueabihf/8.1.0]
  collapse library dir [/usr/local/gcc-8.1.0/lib/gcc/arm-linux-gnueabihf/8.1.0/../../..] ==> [/usr/local/gcc-8.1.0/lib]
  collapse library dir [/lib/arm-linux-gnueabihf] ==> [/lib/arm-linux-gnueabihf]
  collapse library dir [/usr/lib/arm-linux-gnueabihf] ==> [/usr/lib/arm-linux-gnueabihf]
  implicit libs: [c]
  implicit dirs: [/usr/local/gcc-8.1.0/lib/gcc/arm-linux-gnueabihf/8.1.0;/usr/local/gcc-8.1.0/lib;/lib/arm-linux-gnueabihf;/usr/lib/arm-linux-gnueabihf]
  implicit fwks: []




Detecting C [-std=c11] compiler features compiled with the following output:
Change Dir: /tmp/tmp.n6jBnPQEUa/cmake-build-release-pi2/CMakeFiles/CMakeTmp

Run Build Command:"/usr/bin/make" "cmTC_8d188/fast"
/usr/bin/make -f CMakeFiles/cmTC_8d188.dir/build.make CMakeFiles/cmTC_8d188.dir/build
make[1]: Entering directory '/tmp/tmp.n6jBnPQEUa/cmake-build-release-pi2/CMakeFiles/CMakeTmp'
Building C object CMakeFiles/cmTC_8d188.dir/feature_tests.c.o
/usr/bin/cc    -std=c11 -o CMakeFiles/cmTC_8d188.dir/feature_tests.c.o   -c /tmp/tmp.n6jBnPQEUa/cmake-build-release-pi2/CMakeFiles/feature_tests.c
Linking C executable cmTC_8d188
/usr/bin/cmake -E cmake_link_script CMakeFiles/cmTC_8d188.dir/link.txt --verbose=1
/usr/bin/cc       CMakeFiles/cmTC_8d188.dir/feature_tests.c.o  -o cmTC_8d188 -rdynamic 
make[1]: Leaving directory '/tmp/tmp.n6jBnPQEUa/cmake-build-release-pi2/CMakeFiles/CMakeTmp'


    Feature record: C_FEATURE:1c_function_prototypes
    Feature record: C_FEATURE:1c_restrict
    Feature record: C_FEATURE:1c_static_assert
    Feature record: C_FEATURE:1c_variadic_macros


Detecting C [-std=c99] compiler features compiled with the following output:
Change Dir: /tmp/tmp.n6jBnPQEUa/cmake-build-release-pi2/CMakeFiles/CMakeTmp

Run Build Command:"/usr/bin/make" "cmTC_421c0/fast"
/usr/bin/make -f CMakeFiles/cmTC_421c0.dir/build.make CMakeFiles/cmTC_421c0.dir/build
make[1]: Entering directory '/tmp/tmp.n6jBnPQEUa/cmake-build-release-pi2/CMakeFiles/CMakeTmp'
Building C object CMakeFiles/cmTC_421c0.dir/feature_tests.c.o
/usr/bin/cc    -std=c99 -o CMakeFiles/cmTC_421c0.dir/feature_tests.c.o   -c /tmp/tmp.n6jBnPQEUa/cmake-build-release-pi2/CMakeFiles/feature_tests.c
Linking C executable cmTC_421c0
/usr/bin/cmake -E cmake_link_script CMakeFiles/cmTC_421c0.dir/link.txt --verbose=1
/usr/bin/cc       CMakeFiles/cmTC_421c0.dir/feature_tests.c.o  -o cmTC_421c0 -rdynamic 
make[1]: Leaving directory '/tmp/tmp.n6jBnPQEUa/cmake-build-release-pi2/CMakeFiles/CMakeTmp'


    Feature record: C_FEATURE:1c_function_prototypes
    Feature record: C_FEATURE:1c_restrict
    Feature record: C_FEATURE:0c_static_assert
    Feature record: C_FEATURE:1c_variadic_macros


Detecting C [-std=c90] compiler features compiled with the following output:
Change Dir: /tmp/tmp.n6jBnPQEUa/cmake-build-release-pi2/CMakeFiles/CMakeTmp

Run Build Command:"/usr/bin/make" "cmTC_302e1/fast"
/usr/bin/make -f CMakeFiles/cmTC_302e1.dir/build.make CMakeFiles/cmTC_302e1.dir/build
make[1]: Entering directory '/tmp/tmp.n6jBnPQEUa/cmake-build-release-pi2/CMakeFiles/CMakeTmp'
Building C object CMakeFiles/cmTC_302e1.dir/feature_tests.c.o
/usr/bin/cc    -std=c90 -o CMakeFiles/cmTC_302e1.dir/feature_tests.c.o   -c /tmp/tmp.n6jBnPQEUa/cmake-build-release-pi2/CMakeFiles/feature_tests.c
Linking C executable cmTC_302e1
/usr/bin/cmake -E cmake_link_script CMakeFiles/cmTC_302e1.dir/link.txt --verbose=1
/usr/bin/cc       CMakeFiles/cmTC_302e1.dir/feature_tests.c.o  -o cmTC_302e1 -rdynamic 
make[1]: Leaving directory '/tmp/tmp.n6jBnPQEUa/cmake-build-release-pi2/CMakeFiles/CMakeTmp'


    Feature record: C_FEATURE:1c_function_prototypes
    Feature record: C_FEATURE:0c_restrict
    Feature record: C_FEATURE:0c_static_assert
    Feature record: C_FEATURE:0c_variadic_macros
Determining if the CXX compiler works passed with the following output:
Change Dir: /tmp/tmp.n6jBnPQEUa/cmake-build-release-pi2/CMakeFiles/CMakeTmp

Run Build Command:"/usr/bin/make" "cmTC_118c6/fast"
/usr/bin/make -f CMakeFiles/cmTC_118c6.dir/build.make CMakeFiles/cmTC_118c6.dir/build
make[1]: Entering directory '/tmp/tmp.n6jBnPQEUa/cmake-build-release-pi2/CMakeFiles/CMakeTmp'
Building CXX object CMakeFiles/cmTC_118c6.dir/testCXXCompiler.cxx.o
/usr/bin/c++      -o CMakeFiles/cmTC_118c6.dir/testCXXCompiler.cxx.o -c /tmp/tmp.n6jBnPQEUa/cmake-build-release-pi2/CMakeFiles/CMakeTmp/testCXXCompiler.cxx
Linking CXX executable cmTC_118c6
/usr/bin/cmake -E cmake_link_script CMakeFiles/cmTC_118c6.dir/link.txt --verbose=1
/usr/bin/c++        CMakeFiles/cmTC_118c6.dir/testCXXCompiler.cxx.o  -o cmTC_118c6 -rdynamic 
make[1]: Leaving directory '/tmp/tmp.n6jBnPQEUa/cmake-build-release-pi2/CMakeFiles/CMakeTmp'


Detecting CXX compiler ABI info compiled with the following output:
Change Dir: /tmp/tmp.n6jBnPQEUa/cmake-build-release-pi2/CMakeFiles/CMakeTmp

Run Build Command:"/usr/bin/make" "cmTC_5e3fe/fast"
/usr/bin/make -f CMakeFiles/cmTC_5e3fe.dir/build.make CMakeFiles/cmTC_5e3fe.dir/build
make[1]: Entering directory '/tmp/tmp.n6jBnPQEUa/cmake-build-release-pi2/CMakeFiles/CMakeTmp'
Building CXX object CMakeFiles/cmTC_5e3fe.dir/CMakeCXXCompilerABI.cpp.o
/usr/bin/c++      -o CMakeFiles/cmTC_5e3fe.dir/CMakeCXXCompilerABI.cpp.o -c /usr/share/cmake-3.7/Modules/CMakeCXXCompilerABI.cpp
Linking CXX executable cmTC_5e3fe
/usr/bin/cmake -E cmake_link_script CMakeFiles/cmTC_5e3fe.dir/link.txt --verbose=1
/usr/bin/c++       -v CMakeFiles/cmTC_5e3fe.dir/CMakeCXXCompilerABI.cpp.o  -o cmTC_5e3fe -rdynamic  
Using built-in specs.
COLLECT_GCC=/usr/bin/c++
COLLECT_LTO_WRAPPER=/usr/local/gcc-8.1.0/libexec/gcc/arm-linux-gnueabihf/8.1.0/lto-wrapper
Target: arm-linux-gnueabihf
Configured with: ../gcc-8.1.0/configure -v --enable-languages=c,c++ --prefix=/usr/local/gcc-8.1.0 --program-suffix=-8.1.0 --with-arch=armv6 --with-fpu=vfp --with-float=hard --build=arm-linux-gnueabihf --host=arm-linux-gnueabihf --target=arm-linux-gnueabihf
Thread model: posix
gcc version 8.1.0 (GCC) 
COMPILER_PATH=/usr/local/gcc-8.1.0/libexec/gcc/arm-linux-gnueabihf/8.1.0/:/usr/local/gcc-8.1.0/libexec/gcc/arm-linux-gnueabihf/8.1.0/:/usr/local/gcc-8.1.0/libexec/gcc/arm-linux-gnueabihf/:/usr/local/gcc-8.1.0/lib/gcc/arm-linux-gnueabihf/8.1.0/:/usr/local/gcc-8.1.0/lib/gcc/arm-linux-gnueabihf/
LIBRARY_PATH=/usr/local/gcc-8.1.0/lib/gcc/arm-linux-gnueabihf/8.1.0/:/usr/local/gcc-8.1.0/lib/gcc/arm-linux-gnueabihf/8.1.0/../../../:/lib/arm-linux-gnueabihf/:/lib/:/usr/lib/arm-linux-gnueabihf/:/usr/lib/
COLLECT_GCC_OPTIONS='-v' '-o' 'cmTC_5e3fe' '-rdynamic' '-shared-libgcc'  '-mfloat-abi=hard' '-mfpu=vfp' '-mtls-dialect=gnu' '-marm' '-march=armv6+fp'
 /usr/local/gcc-8.1.0/libexec/gcc/arm-linux-gnueabihf/8.1.0/collect2 -plugin /usr/local/gcc-8.1.0/libexec/gcc/arm-linux-gnueabihf/8.1.0/liblto_plugin.so -plugin-opt=/usr/local/gcc-8.1.0/libexec/gcc/arm-linux-gnueabihf/8.1.0/lto-wrapper -plugin-opt=-fresolution=/tmp/ccWh8UaO.res -plugin-opt=-pass-through=-lgcc_s -plugin-opt=-pass-through=-lgcc -plugin-opt=-pass-through=-lc -plugin-opt=-pass-through=-lgcc_s -plugin-opt=-pass-through=-lgcc --eh-frame-hdr -export-dynamic -dynamic-linker /lib/ld-linux-armhf.so.3 -X -m armelf_linux_eabi -o cmTC_5e3fe /usr/lib/arm-linux-gnueabihf/crt1.o /usr/lib/arm-linux-gnueabihf/crti.o /usr/local/gcc-8.1.0/lib/gcc/arm-linux-gnueabihf/8.1.0/crtbegin.o -L/usr/local/gcc-8.1.0/lib/gcc/arm-linux-gnueabihf/8.1.0 -L/usr/local/gcc-8.1.0/lib/gcc/arm-linux-gnueabihf/8.1.0/../../.. -L/lib/arm-linux-gnueabihf -L/usr/lib/arm-linux-gnueabihf CMakeFiles/cmTC_5e3fe.dir/CMakeCXXCompilerABI.cpp.o -lstdc++ -lm -lgcc_s -lgcc -lc -lgcc_s -lgcc /usr/local/gcc-8.1.0/lib/gcc/arm-linux-gnueabihf/8.1.0/crtend.o /usr/lib/arm-linux-gnueabihf/crtn.o
COLLECT_GCC_OPTIONS='-v' '-o' 'cmTC_5e3fe' '-rdynamic' '-shared-libgcc'  '-mfloat-abi=hard' '-mfpu=vfp' '-mtls-dialect=gnu' '-marm' '-march=armv6+fp'
make[1]: Leaving directory '/tmp/tmp.n6jBnPQEUa/cmake-build-release-pi2/CMakeFiles/CMakeTmp'


Parsed CXX implicit link information from above output:
  link line regex: [^( *|.*[/\])(ld|([^/\]+-)?ld|collect2)[^/\]*( |$)]
  ignore line: [Change Dir: /tmp/tmp.n6jBnPQEUa/cmake-build-release-pi2/CMakeFiles/CMakeTmp]
  ignore line: []
  ignore line: [Run Build Command:"/usr/bin/make" "cmTC_5e3fe/fast"]
  ignore line: [/usr/bin/make -f CMakeFiles/cmTC_5e3fe.dir/build.make CMakeFiles/cmTC_5e3fe.dir/build]
  ignore line: [make[1]: Entering directory '/tmp/tmp.n6jBnPQEUa/cmake-build-release-pi2/CMakeFiles/CMakeTmp']
  ignore line: [Building CXX object CMakeFiles/cmTC_5e3fe.dir/CMakeCXXCompilerABI.cpp.o]
  ignore line: [/usr/bin/c++      -o CMakeFiles/cmTC_5e3fe.dir/CMakeCXXCompilerABI.cpp.o -c /usr/share/cmake-3.7/Modules/CMakeCXXCompilerABI.cpp]
  ignore line: [Linking CXX executable cmTC_5e3fe]
  ignore line: [/usr/bin/cmake -E cmake_link_script CMakeFiles/cmTC_5e3fe.dir/link.txt --verbose=1]
  ignore line: [/usr/bin/c++       -v CMakeFiles/cmTC_5e3fe.dir/CMakeCXXCompilerABI.cpp.o  -o cmTC_5e3fe -rdynamic  ]
  ignore line: [Using built-in specs.]
  ignore line: [COLLECT_GCC=/usr/bin/c++]
  ignore line: [COLLECT_LTO_WRAPPER=/usr/local/gcc-8.1.0/libexec/gcc/arm-linux-gnueabihf/8.1.0/lto-wrapper]
  ignore line: [Target: arm-linux-gnueabihf]
  ignore line: [Configured with: ../gcc-8.1.0/configure -v --enable-languages=c,c++ --prefix=/usr/local/gcc-8.1.0 --program-suffix=-8.1.0 --with-arch=armv6 --with-fpu=vfp --with-float=hard --build=arm-linux-gnueabihf --host=arm-linux-gnueabihf --target=arm-linux-gnueabihf]
  ignore line: [Thread model: posix]
  ignore line: [gcc version 8.1.0 (GCC) ]
  ignore line: [COMPILER_PATH=/usr/local/gcc-8.1.0/libexec/gcc/arm-linux-gnueabihf/8.1.0/:/usr/local/gcc-8.1.0/libexec/gcc/arm-linux-gnueabihf/8.1.0/:/usr/local/gcc-8.1.0/libexec/gcc/arm-linux-gnueabihf/:/usr/local/gcc-8.1.0/lib/gcc/arm-linux-gnueabihf/8.1.0/:/usr/local/gcc-8.1.0/lib/gcc/arm-linux-gnueabihf/]
  ignore line: [LIBRARY_PATH=/usr/local/gcc-8.1.0/lib/gcc/arm-linux-gnueabihf/8.1.0/:/usr/local/gcc-8.1.0/lib/gcc/arm-linux-gnueabihf/8.1.0/../../../:/lib/arm-linux-gnueabihf/:/lib/:/usr/lib/arm-linux-gnueabihf/:/usr/lib/]
  ignore line: [COLLECT_GCC_OPTIONS='-v' '-o' 'cmTC_5e3fe' '-rdynamic' '-shared-libgcc'  '-mfloat-abi=hard' '-mfpu=vfp' '-mtls-dialect=gnu' '-marm' '-march=armv6+fp']
  link line: [ /usr/local/gcc-8.1.0/libexec/gcc/arm-linux-gnueabihf/8.1.0/collect2 -plugin /usr/local/gcc-8.1.0/libexec/gcc/arm-linux-gnueabihf/8.1.0/liblto_plugin.so -plugin-opt=/usr/local/gcc-8.1.0/libexec/gcc/arm-linux-gnueabihf/8.1.0/lto-wrapper -plugin-opt=-fresolution=/tmp/ccWh8UaO.res -plugin-opt=-pass-through=-lgcc_s -plugin-opt=-pass-through=-lgcc -plugin-opt=-pass-through=-lc -plugin-opt=-pass-through=-lgcc_s -plugin-opt=-pass-through=-lgcc --eh-frame-hdr -export-dynamic -dynamic-linker /lib/ld-linux-armhf.so.3 -X -m armelf_linux_eabi -o cmTC_5e3fe /usr/lib/arm-linux-gnueabihf/crt1.o /usr/lib/arm-linux-gnueabihf/crti.o /usr/local/gcc-8.1.0/lib/gcc/arm-linux-gnueabihf/8.1.0/crtbegin.o -L/usr/local/gcc-8.1.0/lib/gcc/arm-linux-gnueabihf/8.1.0 -L/usr/local/gcc-8.1.0/lib/gcc/arm-linux-gnueabihf/8.1.0/../../.. -L/lib/arm-linux-gnueabihf -L/usr/lib/arm-linux-gnueabihf CMakeFiles/cmTC_5e3fe.dir/CMakeCXXCompilerABI.cpp.o -lstdc++ -lm -lgcc_s -lgcc -lc -lgcc_s -lgcc /usr/local/gcc-8.1.0/lib/gcc/arm-linux-gnueabihf/8.1.0/crtend.o /usr/lib/arm-linux-gnueabihf/crtn.o]
    arg [/usr/local/gcc-8.1.0/libexec/gcc/arm-linux-gnueabihf/8.1.0/collect2] ==> ignore
    arg [-plugin] ==> ignore
    arg [/usr/local/gcc-8.1.0/libexec/gcc/arm-linux-gnueabihf/8.1.0/liblto_plugin.so] ==> ignore
    arg [-plugin-opt=/usr/local/gcc-8.1.0/libexec/gcc/arm-linux-gnueabihf/8.1.0/lto-wrapper] ==> ignore
    arg [-plugin-opt=-fresolution=/tmp/ccWh8UaO.res] ==> ignore
    arg [-plugin-opt=-pass-through=-lgcc_s] ==> ignore
    arg [-plugin-opt=-pass-through=-lgcc] ==> ignore
    arg [-plugin-opt=-pass-through=-lc] ==> ignore
    arg [-plugin-opt=-pass-through=-lgcc_s] ==> ignore
    arg [-plugin-opt=-pass-through=-lgcc] ==> ignore
    arg [--eh-frame-hdr] ==> ignore
    arg [-export-dynamic] ==> ignore
    arg [-dynamic-linker] ==> ignore
    arg [/lib/ld-linux-armhf.so.3] ==> ignore
    arg [-X] ==> ignore
    arg [-m] ==> ignore
    arg [armelf_linux_eabi] ==> ignore
    arg [-o] ==> ignore
    arg [cmTC_5e3fe] ==> ignore
    arg [/usr/lib/arm-linux-gnueabihf/crt1.o] ==> ignore
    arg [/usr/lib/arm-linux-gnueabihf/crti.o] ==> ignore
    arg [/usr/local/gcc-8.1.0/lib/gcc/arm-linux-gnueabihf/8.1.0/crtbegin.o] ==> ignore
    arg [-L/usr/local/gcc-8.1.0/lib/gcc/arm-linux-gnueabihf/8.1.0] ==> dir [/usr/local/gcc-8.1.0/lib/gcc/arm-linux-gnueabihf/8.1.0]
    arg [-L/usr/local/gcc-8.1.0/lib/gcc/arm-linux-gnueabihf/8.1.0/../../..] ==> dir [/usr/local/gcc-8.1.0/lib/gcc/arm-linux-gnueabihf/8.1.0/../../..]
    arg [-L/lib/arm-linux-gnueabihf] ==> dir [/lib/arm-linux-gnueabihf]
    arg [-L/usr/lib/arm-linux-gnueabihf] ==> dir [/usr/lib/arm-linux-gnueabihf]
    arg [CMakeFiles/cmTC_5e3fe.dir/CMakeCXXCompilerABI.cpp.o] ==> ignore
    arg [-lstdc++] ==> lib [stdc++]
    arg [-lm] ==> lib [m]
    arg [-lgcc_s] ==> lib [gcc_s]
    arg [-lgcc] ==> lib [gcc]
    arg [-lc] ==> lib [c]
    arg [-lgcc_s] ==> lib [gcc_s]
    arg [-lgcc] ==> lib [gcc]
    arg [/usr/local/gcc-8.1.0/lib/gcc/arm-linux-gnueabihf/8.1.0/crtend.o] ==> ignore
    arg [/usr/lib/arm-linux-gnueabihf/crtn.o] ==> ignore
  remove lib [gcc_s]
  remove lib [gcc]
  remove lib [gcc_s]
  remove lib [gcc]
  collapse library dir [/usr/local/gcc-8.1.0/lib/gcc/arm-linux-gnueabihf/8.1.0] ==> [/usr/local/gcc-8.1.0/lib/gcc/arm-linux-gnueabihf/8.1.0]
  collapse library dir [/usr/local/gcc-8.1.0/lib/gcc/arm-linux-gnueabihf/8.1.0/../../..] ==> [/usr/local/gcc-8.1.0/lib]
  collapse library dir [/lib/arm-linux-gnueabihf] ==> [/lib/arm-linux-gnueabihf]
  collapse library dir [/usr/lib/arm-linux-gnueabihf] ==> [/usr/lib/arm-linux-gnueabihf]
  implicit libs: [stdc++;m;c]
  implicit dirs: [/usr/local/gcc-8.1.0/lib/gcc/arm-linux-gnueabihf/8.1.0;/usr/local/gcc-8.1.0/lib;/lib/arm-linux-gnueabihf;/usr/lib/arm-linux-gnueabihf]
  implicit fwks: []




Detecting CXX [-std=c++14] compiler features compiled with the following output:
Change Dir: /tmp/tmp.n6jBnPQEUa/cmake-build-release-pi2/CMakeFiles/CMakeTmp

Run Build Command:"/usr/bin/make" "cmTC_74780/fast"
/usr/bin/make -f CMakeFiles/cmTC_74780.dir/build.make CMakeFiles/cmTC_74780.dir/build
make[1]: Entering directory '/tmp/tmp.n6jBnPQEUa/cmake-build-release-pi2/CMakeFiles/CMakeTmp'
Building CXX object CMakeFiles/cmTC_74780.dir/feature_tests.cxx.o
/usr/bin/c++     -std=c++14 -o CMakeFiles/cmTC_74780.dir/feature_tests.cxx.o -c /tmp/tmp.n6jBnPQEUa/cmake-build-release-pi2/CMakeFiles/feature_tests.cxx
Linking CXX executable cmTC_74780
/usr/bin/cmake -E cmake_link_script CMakeFiles/cmTC_74780.dir/link.txt --verbose=1
/usr/bin/c++        CMakeFiles/cmTC_74780.dir/feature_tests.cxx.o  -o cmTC_74780 -rdynamic 
make[1]: Leaving directory '/tmp/tmp.n6jBnPQEUa/cmake-build-release-pi2/CMakeFiles/CMakeTmp'


    Feature record: CXX_FEATURE:1cxx_aggregate_default_initializers
    Feature record: CXX_FEATURE:1cxx_alias_templates
    Feature record: CXX_FEATURE:1cxx_alignas
    Feature record: CXX_FEATURE:1cxx_alignof
    Feature record: CXX_FEATURE:1cxx_attributes
    Feature record: CXX_FEATURE:1cxx_attribute_deprecated
    Feature record: CXX_FEATURE:1cxx_auto_type
    Feature record: CXX_FEATURE:1cxx_binary_literals
    Feature record: CXX_FEATURE:1cxx_constexpr
    Feature record: CXX_FEATURE:1cxx_contextual_conversions
    Feature record: CXX_FEATURE:1cxx_decltype
    Feature record: CXX_FEATURE:1cxx_decltype_auto
    Feature record: CXX_FEATURE:1cxx_decltype_incomplete_return_types
    Feature record: CXX_FEATURE:1cxx_default_function_template_args
    Feature record: CXX_FEATURE:1cxx_defaulted_functions
    Feature record: CXX_FEATURE:1cxx_defaulted_move_initializers
    Feature record: CXX_FEATURE:1cxx_delegating_constructors
    Feature record: CXX_FEATURE:1cxx_deleted_functions
    Feature record: CXX_FEATURE:1cxx_digit_separators
    Feature record: CXX_FEATURE:1cxx_enum_forward_declarations
    Feature record: CXX_FEATURE:1cxx_explicit_conversions
    Feature record: CXX_FEATURE:1cxx_extended_friend_declarations
    Feature record: CXX_FEATURE:1cxx_extern_templates
    Feature record: CXX_FEATURE:1cxx_final
    Feature record: CXX_FEATURE:1cxx_func_identifier
    Feature record: CXX_FEATURE:1cxx_generalized_initializers
    Feature record: CXX_FEATURE:1cxx_generic_lambdas
    Feature record: CXX_FEATURE:1cxx_inheriting_constructors
    Feature record: CXX_FEATURE:1cxx_inline_namespaces
    Feature record: CXX_FEATURE:1cxx_lambdas
    Feature record: CXX_FEATURE:1cxx_lambda_init_captures
    Feature record: CXX_FEATURE:1cxx_local_type_template_args
    Feature record: CXX_FEATURE:1cxx_long_long_type
    Feature record: CXX_FEATURE:1cxx_noexcept
    Feature record: CXX_FEATURE:1cxx_nonstatic_member_init
    Feature record: CXX_FEATURE:1cxx_nullptr
    Feature record: CXX_FEATURE:1cxx_override
    Feature record: CXX_FEATURE:1cxx_range_for
    Feature record: CXX_FEATURE:1cxx_raw_string_literals
    Feature record: CXX_FEATURE:1cxx_reference_qualified_functions
    Feature record: CXX_FEATURE:1cxx_relaxed_constexpr
    Feature record: CXX_FEATURE:1cxx_return_type_deduction
    Feature record: CXX_FEATURE:1cxx_right_angle_brackets
    Feature record: CXX_FEATURE:1cxx_rvalue_references
    Feature record: CXX_FEATURE:1cxx_sizeof_member
    Feature record: CXX_FEATURE:1cxx_static_assert
    Feature record: CXX_FEATURE:1cxx_strong_enums
    Feature record: CXX_FEATURE:1cxx_template_template_parameters
    Feature record: CXX_FEATURE:1cxx_thread_local
    Feature record: CXX_FEATURE:1cxx_trailing_return_types
    Feature record: CXX_FEATURE:1cxx_unicode_literals
    Feature record: CXX_FEATURE:1cxx_uniform_initialization
    Feature record: CXX_FEATURE:1cxx_unrestricted_unions
    Feature record: CXX_FEATURE:1cxx_user_literals
    Feature record: CXX_FEATURE:1cxx_variable_templates
    Feature record: CXX_FEATURE:1cxx_variadic_macros
    Feature record: CXX_FEATURE:1cxx_variadic_templates


Detecting CXX [-std=c++11] compiler features compiled with the following output:
Change Dir: /tmp/tmp.n6jBnPQEUa/cmake-build-release-pi2/CMakeFiles/CMakeTmp

Run Build Command:"/usr/bin/make" "cmTC_0d9a2/fast"
/usr/bin/make -f CMakeFiles/cmTC_0d9a2.dir/build.make CMakeFiles/cmTC_0d9a2.dir/build
make[1]: Entering directory '/tmp/tmp.n6jBnPQEUa/cmake-build-release-pi2/CMakeFiles/CMakeTmp'
Building CXX object CMakeFiles/cmTC_0d9a2.dir/feature_tests.cxx.o
/usr/bin/c++     -std=c++11 -o CMakeFiles/cmTC_0d9a2.dir/feature_tests.cxx.o -c /tmp/tmp.n6jBnPQEUa/cmake-build-release-pi2/CMakeFiles/feature_tests.cxx
Linking CXX executable cmTC_0d9a2
/usr/bin/cmake -E cmake_link_script CMakeFiles/cmTC_0d9a2.dir/link.txt --verbose=1
/usr/bin/c++        CMakeFiles/cmTC_0d9a2.dir/feature_tests.cxx.o  -o cmTC_0d9a2 -rdynamic 
make[1]: Leaving directory '/tmp/tmp.n6jBnPQEUa/cmake-build-release-pi2/CMakeFiles/CMakeTmp'


    Feature record: CXX_FEATURE:0cxx_aggregate_default_initializers
    Feature record: CXX_FEATURE:1cxx_alias_templates
    Feature record: CXX_FEATURE:1cxx_alignas
    Feature record: CXX_FEATURE:1cxx_alignof
    Feature record: CXX_FEATURE:1cxx_attributes
    Feature record: CXX_FEATURE:0cxx_attribute_deprecated
    Feature record: CXX_FEATURE:1cxx_auto_type
    Feature record: CXX_FEATURE:0cxx_binary_literals
    Feature record: CXX_FEATURE:1cxx_constexpr
    Feature record: CXX_FEATURE:0cxx_contextual_conversions
    Feature record: CXX_FEATURE:1cxx_decltype
    Feature record: CXX_FEATURE:0cxx_decltype_auto
    Feature record: CXX_FEATURE:1cxx_decltype_incomplete_return_types
    Feature record: CXX_FEATURE:1cxx_default_function_template_args
    Feature record: CXX_FEATURE:1cxx_defaulted_functions
    Feature record: CXX_FEATURE:1cxx_defaulted_move_initializers
    Feature record: CXX_FEATURE:1cxx_delegating_constructors
    Feature record: CXX_FEATURE:1cxx_deleted_functions
    Feature record: CXX_FEATURE:0cxx_digit_separators
    Feature record: CXX_FEATURE:1cxx_enum_forward_declarations
    Feature record: CXX_FEATURE:1cxx_explicit_conversions
    Feature record: CXX_FEATURE:1cxx_extended_friend_declarations
    Feature record: CXX_FEATURE:1cxx_extern_templates
    Feature record: CXX_FEATURE:1cxx_final
    Feature record: CXX_FEATURE:1cxx_func_identifier
    Feature record: CXX_FEATURE:1cxx_generalized_initializers
    Feature record: CXX_FEATURE:0cxx_generic_lambdas
    Feature record: CXX_FEATURE:1cxx_inheriting_constructors
    Feature record: CXX_FEATURE:1cxx_inline_namespaces
    Feature record: CXX_FEATURE:1cxx_lambdas
    Feature record: CXX_FEATURE:0cxx_lambda_init_captures
    Feature record: CXX_FEATURE:1cxx_local_type_template_args
    Feature record: CXX_FEATURE:1cxx_long_long_type
    Feature record: CXX_FEATURE:1cxx_noexcept
    Feature record: CXX_FEATURE:1cxx_nonstatic_member_init
    Feature record: CXX_FEATURE:1cxx_nullptr
    Feature record: CXX_FEATURE:1cxx_override
    Feature record: CXX_FEATURE:1cxx_range_for
    Feature record: CXX_FEATURE:1cxx_raw_string_literals
    Feature record: CXX_FEATURE:1cxx_reference_qualified_functions
    Feature record: CXX_FEATURE:0cxx_relaxed_constexpr
    Feature record: CXX_FEATURE:0cxx_return_type_deduction
    Feature record: CXX_FEATURE:1cxx_right_angle_brackets
    Feature record: CXX_FEATURE:1cxx_rvalue_references
    Feature record: CXX_FEATURE:1cxx_sizeof_member
    Feature record: CXX_FEATURE:1cxx_static_assert
    Feature record: CXX_FEATURE:1cxx_strong_enums
    Feature record: CXX_FEATURE:1cxx_template_template_parameters
    Feature record: CXX_FEATURE:1cxx_thread_local
    Feature record: CXX_FEATURE:1cxx_trailing_return_types
    Feature record: CXX_FEATURE:1cxx_unicode_literals
    Feature record: CXX_FEATURE:1cxx_uniform_initialization
    Feature record: CXX_FEATURE:1cxx_unrestricted_unions
    Feature record: CXX_FEATURE:1cxx_user_literals
    Feature record: CXX_FEATURE:0cxx_variable_templates
    Feature record: CXX_FEATURE:1cxx_variadic_macros
    Feature record: CXX_FEATURE:1cxx_variadic_templates


Detecting CXX [-std=c++98] compiler features compiled with the following output:
Change Dir: /tmp/tmp.n6jBnPQEUa/cmake-build-release-pi2/CMakeFiles/CMakeTmp

Run Build Command:"/usr/bin/make" "cmTC_3a0c8/fast"
/usr/bin/make -f CMakeFiles/cmTC_3a0c8.dir/build.make CMakeFiles/cmTC_3a0c8.dir/build
make[1]: Entering directory '/tmp/tmp.n6jBnPQEUa/cmake-build-release-pi2/CMakeFiles/CMakeTmp'
Building CXX object CMakeFiles/cmTC_3a0c8.dir/feature_tests.cxx.o
/usr/bin/c++     -std=c++98 -o CMakeFiles/cmTC_3a0c8.dir/feature_tests.cxx.o -c /tmp/tmp.n6jBnPQEUa/cmake-build-release-pi2/CMakeFiles/feature_tests.cxx
Linking CXX executable cmTC_3a0c8
/usr/bin/cmake -E cmake_link_script CMakeFiles/cmTC_3a0c8.dir/link.txt --verbose=1
/usr/bin/c++        CMakeFiles/cmTC_3a0c8.dir/feature_tests.cxx.o  -o cmTC_3a0c8 -rdynamic 
make[1]: Leaving directory '/tmp/tmp.n6jBnPQEUa/cmake-build-release-pi2/CMakeFiles/CMakeTmp'


    Feature record: CXX_FEATURE:0cxx_aggregate_default_initializers
    Feature record: CXX_FEATURE:0cxx_alias_templates
    Feature record: CXX_FEATURE:0cxx_alignas
    Feature record: CXX_FEATURE:0cxx_alignof
    Feature record: CXX_FEATURE:0cxx_attributes
    Feature record: CXX_FEATURE:0cxx_attribute_deprecated
    Feature record: CXX_FEATURE:0cxx_auto_type
    Feature record: CXX_FEATURE:0cxx_binary_literals
    Feature record: CXX_FEATURE:0cxx_constexpr
    Feature record: CXX_FEATURE:0cxx_contextual_conversions
    Feature record: CXX_FEATURE:0cxx_decltype
    Feature record: CXX_FEATURE:0cxx_decltype_auto
    Feature record: CXX_FEATURE:0cxx_decltype_incomplete_return_types
    Feature record: CXX_FEATURE:0cxx_default_function_template_args
    Feature record: CXX_FEATURE:0cxx_defaulted_functions
    Feature record: CXX_FEATURE:0cxx_defaulted_move_initializers
    Feature record: CXX_FEATURE:0cxx_delegating_constructors
    Feature record: CXX_FEATURE:0cxx_deleted_functions
    Feature record: CXX_FEATURE:0cxx_digit_separators
    Feature record: CXX_FEATURE:0cxx_enum_forward_declarations
    Feature record: CXX_FEATURE:0cxx_explicit_conversions
    Feature record: CXX_FEATURE:0cxx_extended_friend_declarations
    Feature record: CXX_FEATURE:0cxx_extern_templates
    Feature record: CXX_FEATURE:0cxx_final
    Feature record: CXX_FEATURE:0cxx_func_identifier
    Feature record: CXX_FEATURE:0cxx_generalized_initializers
    Feature record: CXX_FEATURE:0cxx_generic_lambdas
    Feature record: CXX_FEATURE:0cxx_inheriting_constructors
    Feature record: CXX_FEATURE:0cxx_inline_namespaces
    Feature record: CXX_FEATURE:0cxx_lambdas
    Feature record: CXX_FEATURE:0cxx_lambda_init_captures
    Feature record: CXX_FEATURE:0cxx_local_type_template_args
    Feature record: CXX_FEATURE:0cxx_long_long_type
    Feature record: CXX_FEATURE:0cxx_noexcept
    Feature record: CXX_FEATURE:0cxx_nonstatic_member_init
    Feature record: CXX_FEATURE:0cxx_nullptr
    Feature record: CXX_FEATURE:0cxx_override
    Feature record: CXX_FEATURE:0cxx_range_for
    Feature record: CXX_FEATURE:0cxx_raw_string_literals
    Feature record: CXX_FEATURE:0cxx_reference_qualified_functions
    Feature record: CXX_FEATURE:0cxx_relaxed_constexpr
    Feature record: CXX_FEATURE:0cxx_return_type_deduction
    Feature record: CXX_FEATURE:0cxx_right_angle_brackets
    Feature record: CXX_FEATURE:0cxx_rvalue_references
    Feature record: CXX_FEATURE:0cxx_sizeof_member
    Feature record: CXX_FEATURE:0cxx_static_assert
    Feature record: CXX_FEATURE:0cxx_strong_enums
    Feature record: CXX_FEATURE:1cxx_template_template_parameters
    Feature record: CXX_FEATURE:0cxx_thread_local
    Feature record: CXX_FEATURE:0cxx_trailing_return_types
    Feature record: CXX_FEATURE:0cxx_unicode_literals
    Feature record: CXX_FEATURE:0cxx_uniform_initialization
    Feature record: CXX_FEATURE:0cxx_unrestricted_unions
    Feature record: CXX_FEATURE:0cxx_user_literals
    Feature record: CXX_FEATURE:0cxx_variable_templates
    Feature record: CXX_FEATURE:0cxx_variadic_macros
    Feature record: CXX_FEATURE:0cxx_variadic_templates
